<?xml version="1.0" encoding="UTF-8"?>
<!-- Generated by org.testng.reporters.JUnitXMLReporter -->
<testsuite ignored="0" hostname="DESKTOP-BFEMOLI" failures="0" tests="2" name="DataDriven Tests" time="8.624" errors="0" timestamp="2024-12-04T21:24:23 IST">
  <testcase classname="testBase.TestBase" name="@BeforeMethod LaunchApplication" time="8.263">
    <failure type="org.openqa.selenium.WebDriverException" message="unknown error: Chrome failed to start: exited normally.
  (chrome not reachable)
  (The process started from chrome location C:\Program Files\Google\Chrome\Application\chrome.exe is no longer running, so ChromeDriver is assuming that Chrome has crashed.)
Build info: version: &amp;apos;3.141.59&amp;apos;, revision: &amp;apos;e82be7d358&amp;apos;, time: &amp;apos;2018-11-14T08:17:03&amp;apos;
System info: host: &amp;apos;DESKTOP-BFEMOLI&amp;apos;, ip: &amp;apos;192.168.29.49&amp;apos;, os.name: &amp;apos;Windows 10&amp;apos;, os.arch: &amp;apos;amd64&amp;apos;, os.version: &amp;apos;10.0&amp;apos;, java.version: &amp;apos;11.0.25&amp;apos;
Driver info: driver.version: ChromeDriver
remote stacktrace: Backtrace:
	GetHandleVerifier [0x00B2A813+48355]
	(No symbol) [0x00ABC4B1]
	(No symbol) [0x009C5358]
	(No symbol) [0x009E3621]
	(No symbol) [0x009E0579]
	(No symbol) [0x00A10C55]
	(No symbol) [0x00A1093C]
	(No symbol) [0x00A0A536]
	(No symbol) [0x009E82DC]
	(No symbol) [0x009E93DD]
	GetHandleVerifier [0x00D8AABD+2539405]
	GetHandleVerifier [0x00DCA78F+2800735]
	GetHandleVerifier [0x00DC456C+2775612]
	GetHandleVerifier [0x00BB51E0+616112]
	(No symbol) [0x00AC5F8C]
	(No symbol) [0x00AC2328]
	(No symbol) [0x00AC240B]
	(No symbol) [0x00AB4FF7]
	BaseThreadInitThunk [0x7588FCC9+25]
	RtlGetAppContainerNamedObjectPath [0x777C809E+286]
	RtlGetAppContainerNamedObjectPath [0x777C806E+238]
">
      <![CDATA[org.openqa.selenium.WebDriverException: unknown error: Chrome failed to start: exited normally.
  (chrome not reachable)
  (The process started from chrome location C:\Program Files\Google\Chrome\Application\chrome.exe is no longer running, so ChromeDriver is assuming that Chrome has crashed.)
Build info: version: '3.141.59', revision: 'e82be7d358', time: '2018-11-14T08:17:03'
System info: host: 'DESKTOP-BFEMOLI', ip: '192.168.29.49', os.name: 'Windows 10', os.arch: 'amd64', os.version: '10.0', java.version: '11.0.25'
Driver info: driver.version: ChromeDriver
remote stacktrace: Backtrace:
GetHandleVerifier [0x00B2A813+48355]
(No symbol) [0x00ABC4B1]
(No symbol) [0x009C5358]
(No symbol) [0x009E3621]
(No symbol) [0x009E0579]
(No symbol) [0x00A10C55]
(No symbol) [0x00A1093C]
(No symbol) [0x00A0A536]
(No symbol) [0x009E82DC]
(No symbol) [0x009E93DD]
GetHandleVerifier [0x00D8AABD+2539405]
GetHandleVerifier [0x00DCA78F+2800735]
GetHandleVerifier [0x00DC456C+2775612]
GetHandleVerifier [0x00BB51E0+616112]
(No symbol) [0x00AC5F8C]
(No symbol) [0x00AC2328]
(No symbol) [0x00AC240B]
(No symbol) [0x00AB4FF7]
BaseThreadInitThunk [0x7588FCC9+25]
RtlGetAppContainerNamedObjectPath [0x777C809E+286]
RtlGetAppContainerNamedObjectPath [0x777C806E+238]

at org.openqa.selenium.remote.W3CHandshakeResponse.lambda$errorHandler$0(W3CHandshakeResponse.java:62)
at org.openqa.selenium.remote.HandshakeResponse.lambda$getResponseFunction$0(HandshakeResponse.java:30)
at org.openqa.selenium.remote.ProtocolHandshake.lambda$createSession$0(ProtocolHandshake.java:126)
at java.base/java.util.stream.ReferencePipeline$3$1.accept(ReferencePipeline.java:195)
at java.base/java.util.Spliterators$ArraySpliterator.tryAdvance(Spliterators.java:958)
at java.base/java.util.stream.ReferencePipeline.forEachWithCancel(ReferencePipeline.java:127)
at java.base/java.util.stream.AbstractPipeline.copyIntoWithCancel(AbstractPipeline.java:502)
at java.base/java.util.stream.AbstractPipeline.copyInto(AbstractPipeline.java:488)
at java.base/java.util.stream.AbstractPipeline.wrapAndCopyInto(AbstractPipeline.java:474)
at java.base/java.util.stream.FindOps$FindOp.evaluateSequential(FindOps.java:150)
at java.base/java.util.stream.AbstractPipeline.evaluate(AbstractPipeline.java:234)
at java.base/java.util.stream.ReferencePipeline.findFirst(ReferencePipeline.java:543)
at org.openqa.selenium.remote.ProtocolHandshake.createSession(ProtocolHandshake.java:128)
at org.openqa.selenium.remote.ProtocolHandshake.createSession(ProtocolHandshake.java:74)
at org.openqa.selenium.remote.HttpCommandExecutor.execute(HttpCommandExecutor.java:136)
at org.openqa.selenium.remote.service.DriverCommandExecutor.execute(DriverCommandExecutor.java:83)
at org.openqa.selenium.remote.RemoteWebDriver.execute(RemoteWebDriver.java:552)
at org.openqa.selenium.remote.RemoteWebDriver.startSession(RemoteWebDriver.java:213)
at org.openqa.selenium.remote.RemoteWebDriver.<init>(RemoteWebDriver.java:131)
at org.openqa.selenium.chrome.ChromeDriver.<init>(ChromeDriver.java:181)
at org.openqa.selenium.chrome.ChromeDriver.<init>(ChromeDriver.java:168)
at org.openqa.selenium.chrome.ChromeDriver.<init>(ChromeDriver.java:157)
at testBase.BrowserFactory.createBrowserInstance(BrowserFactory.java:40)
at testBase.TestBase.LaunchApplication(TestBase.java:24)
at java.base/java.util.ArrayList.forEach(ArrayList.java:1541)
at java.base/java.util.concurrent.FutureTask.run(FutureTask.java:264)
at java.base/java.util.concurrent.ThreadPoolExecutor.runWorker(ThreadPoolExecutor.java:1128)
at java.base/java.util.concurrent.ThreadPoolExecutor$Worker.run(ThreadPoolExecutor.java:628)
at java.base/java.lang.Thread.run(Thread.java:829)
... Removed 26 stack frames]]>
    </failure>
  </testcase> <!-- @BeforeMethod LaunchApplication -->
  <testcase classname="testBase.TestBase" name="@AfterMethod tearDown" time="-1.733327663936E9">
    <skipped/>
  </testcase> <!-- @AfterMethod tearDown -->
  <testcase classname="testBase.TestBase" name="@BeforeMethod LaunchApplication" time="-1.733327663939E9">
    <skipped/>
  </testcase> <!-- @BeforeMethod LaunchApplication -->
  <testcase classname="testBase.TestBase" name="@AfterMethod tearDown" time="-1.733327663946E9">
    <skipped/>
  </testcase> <!-- @AfterMethod tearDown -->
  <testcase classname="Tests.TestCase" name="TaskCreationTest" time="0.0">
    <skipped/>
  </testcase> <!-- TaskCreationTest -->
  <testcase classname="Tests.TestCase" name="TaskCreationTest" time="0.0">
    <skipped/>
  </testcase> <!-- TaskCreationTest -->
</testsuite> <!-- DataDriven Tests -->
