<?xml version="1.0" encoding="UTF-8"?>
<!-- Generated by org.testng.reporters.JUnitXMLReporter -->
<testsuite ignored="0" hostname="DESKTOP-BFEMOLI" failures="2" tests="2" name="LoginTests" time="10.052" errors="0" timestamp="2025-09-05T12:10:39 IST">
  <testcase classname="Tests.TestCase" name="TaskCreationTest" time="0.685">
    <failure type="java.lang.AssertionError" message="java.lang.NullPointerException: Cannot invoke &amp;quot;String.equals(Object)&amp;quot; because &amp;quot;actualValue&amp;quot; is null expected [true] but found [false]">
      <![CDATA[java.lang.AssertionError: java.lang.NullPointerException: Cannot invoke "String.equals(Object)" because "actualValue" is null expected [true] but found [false]
at reusableComponents.ActionEngine.assertEqualsString_custom(ActionEngine.java:121)
at Tests.TestCase.TaskCreationTest(TestCase.java:47)
at java.base/java.util.ArrayList.forEach(ArrayList.java:1596)
at java.base/java.util.concurrent.FutureTask.run(FutureTask.java:317)
at java.base/java.util.concurrent.ThreadPoolExecutor.runWorker(ThreadPoolExecutor.java:1144)
at java.base/java.util.concurrent.ThreadPoolExecutor$Worker.run(ThreadPoolExecutor.java:642)
at java.base/java.lang.Thread.run(Thread.java:1583)
... Removed 19 stack frames]]>
    </failure>
  </testcase> <!-- TaskCreationTest -->
  <testcase classname="Tests.TestCase" name="TaskCreationTest" time="0.473">
    <failure type="java.lang.AssertionError" message="java.lang.NullPointerException: Cannot invoke &amp;quot;String.equals(Object)&amp;quot; because &amp;quot;actualValue&amp;quot; is null expected [true] but found [false]">
      <![CDATA[java.lang.AssertionError: java.lang.NullPointerException: Cannot invoke "String.equals(Object)" because "actualValue" is null expected [true] but found [false]
at reusableComponents.ActionEngine.assertEqualsString_custom(ActionEngine.java:121)
at Tests.TestCase.TaskCreationTest(TestCase.java:47)
at java.base/java.util.ArrayList.forEach(ArrayList.java:1596)
at java.base/java.util.concurrent.FutureTask.run(FutureTask.java:317)
at java.base/java.util.concurrent.ThreadPoolExecutor.runWorker(ThreadPoolExecutor.java:1144)
at java.base/java.util.concurrent.ThreadPoolExecutor$Worker.run(ThreadPoolExecutor.java:642)
at java.base/java.lang.Thread.run(Thread.java:1583)
... Removed 19 stack frames]]>
    </failure>
  </testcase> <!-- TaskCreationTest -->
</testsuite> <!-- LoginTests -->
